<?xml version="1.0" encoding="UTF-8" ?>

<testsuite failures="0" time="0.081" errors="0" skipped="0" tests="1" name="ResearchAreaTest">
  <testcase classname="ResearchAreaTest" name="createAndRetrieveResearchArea" time="0.081">
      </testcase>
</testsuite>
