<?xml version="1.0" encoding="UTF-8" ?>

<testsuite failures="0" time="0.192" errors="0" skipped="0" tests="1" name="ProjectTest">
  <testcase classname="ProjectTest" name="createAndRetrieveProject" time="0.192">
      </testcase>
</testsuite>
