<?xml version="1.0" encoding="UTF-8" ?>

<testsuite failures="0" time="0.064" errors="0" skipped="0" tests="1" name="SectionTest">
  <testcase classname="SectionTest" name="createAndRetrieveMemberCategory" time="0.064">
      </testcase>
</testsuite>
