<?xml version="1.0" encoding="UTF-8" ?>

<testsuite failures="0" time="0.385" errors="0" skipped="0" tests="1" name="MemberCategoryTest">
  <testcase classname="MemberCategoryTest" name="createAndRetrieveMemberCategory" time="0.385">
      </testcase>
</testsuite>
